<?xml version="1.0" encoding="UTF-8"?>
<coverage generated="1739043461689" clover="3.2.0">
  <project timestamp="1739043461691" name="All files">
    <metrics statements="117" coveredstatements="108" conditionals="44" coveredconditionals="42" methods="4" coveredmethods="4" elements="165" coveredelements="154" complexity="0" loc="117" ncloc="117" packages="1" files="5" classes="5"/>
    <file name="auth.ts" path="/Users/thanasis/git/nextjs-15-monorepo/modules/middlewares/src/auth.ts">
      <metrics statements="66" coveredstatements="57" conditionals="19" coveredconditionals="17" methods="1" coveredmethods="1"/>
      <line num="13" count="1" type="stmt"/>
      <line num="14" count="1" type="cond" truecount="1" falsecount="0"/>
      <line num="15" count="7" type="cond" truecount="1" falsecount="0"/>
      <line num="16" count="7" type="stmt"/>
      <line num="17" count="7" type="stmt"/>
      <line num="18" count="7" type="stmt"/>
      <line num="19" count="7" type="stmt"/>
      <line num="20" count="7" type="stmt"/>
      <line num="21" count="7" type="stmt"/>
      <line num="22" count="7" type="stmt"/>
      <line num="23" count="7" type="stmt"/>
      <line num="24" count="7" type="stmt"/>
      <line num="25" count="7" type="cond" truecount="1" falsecount="0"/>
      <line num="26" count="6" type="stmt"/>
      <line num="27" count="7" type="cond" truecount="1" falsecount="0"/>
      <line num="28" count="1" type="stmt"/>
      <line num="29" count="1" type="stmt"/>
      <line num="30" count="1" type="stmt"/>
      <line num="31" count="1" type="cond" truecount="1" falsecount="0"/>
      <line num="33" count="6" type="stmt"/>
      <line num="34" count="6" type="stmt"/>
      <line num="35" count="7" type="cond" truecount="1" falsecount="0"/>
      <line num="36" count="7" type="stmt"/>
      <line num="37" count="7" type="cond" truecount="1" falsecount="0"/>
      <line num="39" count="7" type="cond" truecount="1" falsecount="0"/>
      <line num="40" count="1" type="stmt"/>
      <line num="41" count="1" type="stmt"/>
      <line num="42" count="1" type="stmt"/>
      <line num="43" count="1" type="stmt"/>
      <line num="44" count="1" type="stmt"/>
      <line num="45" count="1" type="cond" truecount="1" falsecount="0"/>
      <line num="47" count="4" type="stmt"/>
      <line num="48" count="4" type="stmt"/>
      <line num="50" count="7" type="cond" truecount="2" falsecount="0"/>
      <line num="52" count="7" type="cond" truecount="1" falsecount="0"/>
      <line num="53" count="2" type="cond" truecount="2" falsecount="0"/>
      <line num="54" count="1" type="stmt"/>
      <line num="55" count="1" type="stmt"/>
      <line num="56" count="1" type="stmt"/>
      <line num="57" count="1" type="stmt"/>
      <line num="58" count="1" type="stmt"/>
      <line num="59" count="1" type="stmt"/>
      <line num="60" count="1" type="stmt"/>
      <line num="61" count="1" type="stmt"/>
      <line num="62" count="7" type="cond" truecount="1" falsecount="0"/>
      <line num="63" count="1" type="stmt"/>
      <line num="64" count="1" type="stmt"/>
      <line num="65" count="1" type="cond" truecount="0" falsecount="1"/>
      <line num="66" count="1" type="cond" truecount="0" falsecount="1"/>
      <line num="67" count="0" type="stmt"/>
      <line num="68" count="0" type="stmt"/>
      <line num="69" count="0" type="stmt"/>
      <line num="70" count="0" type="stmt"/>
      <line num="71" count="0" type="stmt"/>
      <line num="72" count="0" type="stmt"/>
      <line num="73" count="0" type="stmt"/>
      <line num="74" count="0" type="stmt"/>
      <line num="75" count="0" type="stmt"/>
      <line num="76" count="1" type="cond" truecount="1" falsecount="0"/>
      <line num="78" count="2" type="stmt"/>
      <line num="79" count="7" type="cond" truecount="1" falsecount="0"/>
      <line num="80" count="1" type="stmt"/>
      <line num="81" count="1" type="stmt"/>
      <line num="82" count="1" type="stmt"/>
      <line num="83" count="1" type="stmt"/>
      <line num="84" count="7" type="stmt"/>
    </file>
    <file name="bodyValidator.ts" path="/Users/thanasis/git/nextjs-15-monorepo/modules/middlewares/src/bodyValidator.ts">
      <metrics statements="12" coveredstatements="12" conditionals="8" coveredconditionals="8" methods="1" coveredmethods="1"/>
      <line num="2" count="1" type="stmt"/>
      <line num="3" count="1" type="stmt"/>
      <line num="6" count="1" type="cond" truecount="2" falsecount="0"/>
      <line num="7" count="3" type="stmt"/>
      <line num="8" count="3" type="stmt"/>
      <line num="9" count="3" type="stmt"/>
      <line num="10" count="3" type="cond" truecount="2" falsecount="0"/>
      <line num="11" count="2" type="cond" truecount="1" falsecount="0"/>
      <line num="12" count="2" type="stmt"/>
      <line num="13" count="3" type="cond" truecount="1" falsecount="0"/>
      <line num="14" count="3" type="cond" truecount="2" falsecount="0"/>
      <line num="15" count="3" type="stmt"/>
    </file>
    <file name="bodyZodValidator.ts" path="/Users/thanasis/git/nextjs-15-monorepo/modules/middlewares/src/bodyZodValidator.ts">
      <metrics statements="21" coveredstatements="21" conditionals="4" coveredconditionals="4" methods="1" coveredmethods="1"/>
      <line num="4" count="1" type="stmt"/>
      <line num="5" count="1" type="stmt"/>
      <line num="13" count="1" type="stmt"/>
      <line num="14" count="1" type="cond" truecount="1" falsecount="0"/>
      <line num="15" count="3" type="cond" truecount="1" falsecount="0"/>
      <line num="16" count="3" type="stmt"/>
      <line num="18" count="3" type="stmt"/>
      <line num="21" count="3" type="stmt"/>
      <line num="22" count="3" type="cond" truecount="1" falsecount="0"/>
      <line num="23" count="2" type="cond" truecount="1" falsecount="0"/>
      <line num="24" count="1" type="stmt"/>
      <line num="25" count="1" type="stmt"/>
      <line num="26" count="1" type="stmt"/>
      <line num="27" count="1" type="stmt"/>
      <line num="28" count="1" type="stmt"/>
      <line num="29" count="1" type="stmt"/>
      <line num="30" count="1" type="stmt"/>
      <line num="32" count="1" type="stmt"/>
      <line num="33" count="1" type="stmt"/>
      <line num="34" count="2" type="stmt"/>
      <line num="35" count="3" type="stmt"/>
    </file>
    <file name="index.ts" path="/Users/thanasis/git/nextjs-15-monorepo/modules/middlewares/src/index.ts">
      <metrics statements="4" coveredstatements="4" conditionals="0" coveredconditionals="0" methods="0" coveredmethods="0"/>
      <line num="1" count="1" type="stmt"/>
      <line num="2" count="1" type="stmt"/>
      <line num="3" count="1" type="stmt"/>
      <line num="4" count="1" type="stmt"/>
    </file>
    <file name="paginationOrderingQueryParams.ts" path="/Users/thanasis/git/nextjs-15-monorepo/modules/middlewares/src/paginationOrderingQueryParams.ts">
      <metrics statements="14" coveredstatements="14" conditionals="13" coveredconditionals="13" methods="1" coveredmethods="1"/>
      <line num="2" count="1" type="stmt"/>
      <line num="4" count="1" type="cond" truecount="2" falsecount="0"/>
      <line num="5" count="6" type="stmt"/>
      <line num="6" count="6" type="stmt"/>
      <line num="7" count="6" type="stmt"/>
      <line num="8" count="6" type="cond" truecount="1" falsecount="0"/>
      <line num="9" count="6" type="cond" truecount="1" falsecount="0"/>
      <line num="10" count="6" type="cond" truecount="1" falsecount="0"/>
      <line num="11" count="6" type="cond" truecount="1" falsecount="0"/>
      <line num="12" count="6" type="cond" truecount="2" falsecount="0"/>
      <line num="13" count="6" type="cond" truecount="2" falsecount="0"/>
      <line num="14" count="6" type="cond" truecount="3" falsecount="0"/>
      <line num="15" count="3" type="stmt"/>
      <line num="16" count="3" type="stmt"/>
    </file>
  </project>
</coverage>
