{"/Users/thanasis/git/nextjs-15-monorepo/modules/middlewares/src/auth.ts": {"path":"/Users/thanasis/git/nextjs-15-monorepo/modules/middlewares/src/auth.ts","all":false,"statementMap":{"12":{"start":{"line":13,"column":0},"end":{"line":13,"column":19}},"13":{"start":{"line":14,"column":0},"end":{"line":14,"column":35}},"14":{"start":{"line":15,"column":0},"end":{"line":15,"column":29}},"15":{"start":{"line":16,"column":0},"end":{"line":16,"column":11}},"16":{"start":{"line":17,"column":0},"end":{"line":17,"column":13}},"17":{"start":{"line":18,"column":0},"end":{"line":18,"column":17}},"18":{"start":{"line":19,"column":0},"end":{"line":19,"column":29}},"19":{"start":{"line":20,"column":0},"end":{"line":20,"column":13}},"20":{"start":{"line":21,"column":0},"end":{"line":21,"column":28}},"21":{"start":{"line":22,"column":0},"end":{"line":22,"column":14}},"22":{"start":{"line":23,"column":0},"end":{"line":23,"column":17}},"23":{"start":{"line":24,"column":0},"end":{"line":24,"column":51}},"24":{"start":{"line":25,"column":0},"end":{"line":25,"column":38}},"25":{"start":{"line":26,"column":0},"end":{"line":26,"column":70}},"26":{"start":{"line":27,"column":0},"end":{"line":27,"column":17}},"27":{"start":{"line":28,"column":0},"end":{"line":28,"column":45}},"28":{"start":{"line":29,"column":0},"end":{"line":29,"column":64}},"29":{"start":{"line":30,"column":0},"end":{"line":30,"column":13}},"30":{"start":{"line":31,"column":0},"end":{"line":31,"column":5}},"32":{"start":{"line":33,"column":0},"end":{"line":33,"column":9}},"33":{"start":{"line":34,"column":0},"end":{"line":34,"column":50}},"34":{"start":{"line":35,"column":0},"end":{"line":35,"column":75}},"35":{"start":{"line":36,"column":0},"end":{"line":36,"column":47}},"36":{"start":{"line":37,"column":0},"end":{"line":37,"column":64}},"38":{"start":{"line":39,"column":0},"end":{"line":39,"column":25}},"39":{"start":{"line":40,"column":0},"end":{"line":40,"column":47}},"40":{"start":{"line":41,"column":0},"end":{"line":41,"column":11}},"41":{"start":{"line":42,"column":0},"end":{"line":42,"column":22}},"42":{"start":{"line":43,"column":0},"end":{"line":43,"column":80}},"43":{"start":{"line":44,"column":0},"end":{"line":44,"column":15}},"44":{"start":{"line":45,"column":0},"end":{"line":45,"column":7}},"46":{"start":{"line":47,"column":0},"end":{"line":47,"column":37}},"47":{"start":{"line":48,"column":0},"end":{"line":48,"column":35}},"49":{"start":{"line":50,"column":0},"end":{"line":50,"column":39}},"51":{"start":{"line":52,"column":0},"end":{"line":52,"column":20}},"52":{"start":{"line":53,"column":0},"end":{"line":53,"column":52}},"53":{"start":{"line":54,"column":0},"end":{"line":54,"column":23}},"54":{"start":{"line":55,"column":0},"end":{"line":55,"column":35}},"55":{"start":{"line":56,"column":0},"end":{"line":56,"column":75}},"56":{"start":{"line":57,"column":0},"end":{"line":57,"column":12}},"57":{"start":{"line":58,"column":0},"end":{"line":58,"column":75}},"58":{"start":{"line":59,"column":0},"end":{"line":59,"column":17}},"59":{"start":{"line":60,"column":0},"end":{"line":60,"column":9}},"60":{"start":{"line":61,"column":0},"end":{"line":61,"column":48}},"61":{"start":{"line":62,"column":0},"end":{"line":62,"column":14}},"62":{"start":{"line":63,"column":0},"end":{"line":63,"column":12}},"63":{"start":{"line":64,"column":0},"end":{"line":64,"column":29}},"64":{"start":{"line":65,"column":0},"end":{"line":65,"column":65}},"65":{"start":{"line":66,"column":0},"end":{"line":66,"column":11}},"66":{"start":{"line":67,"column":0},"end":{"line":67,"column":23}},"67":{"start":{"line":68,"column":0},"end":{"line":68,"column":35}},"68":{"start":{"line":69,"column":0},"end":{"line":69,"column":65}},"69":{"start":{"line":70,"column":0},"end":{"line":70,"column":12}},"70":{"start":{"line":71,"column":0},"end":{"line":71,"column":32}},"71":{"start":{"line":72,"column":0},"end":{"line":72,"column":71}},"72":{"start":{"line":73,"column":0},"end":{"line":73,"column":13}},"73":{"start":{"line":74,"column":0},"end":{"line":74,"column":17}},"74":{"start":{"line":75,"column":0},"end":{"line":75,"column":9}},"75":{"start":{"line":76,"column":0},"end":{"line":76,"column":7}},"77":{"start":{"line":78,"column":0},"end":{"line":78,"column":20}},"78":{"start":{"line":79,"column":0},"end":{"line":79,"column":19}},"79":{"start":{"line":80,"column":0},"end":{"line":80,"column":25}},"80":{"start":{"line":81,"column":0},"end":{"line":81,"column":60}},"81":{"start":{"line":82,"column":0},"end":{"line":82,"column":13}},"82":{"start":{"line":83,"column":0},"end":{"line":83,"column":5}},"83":{"start":{"line":84,"column":0},"end":{"line":84,"column":4}}},"s":{"12":1,"13":1,"14":7,"15":7,"16":7,"17":7,"18":7,"19":7,"20":7,"21":7,"22":7,"23":7,"24":7,"25":6,"26":7,"27":1,"28":1,"29":1,"30":1,"32":6,"33":6,"34":7,"35":7,"36":7,"38":7,"39":1,"40":1,"41":1,"42":1,"43":1,"44":1,"46":4,"47":4,"49":7,"51":7,"52":2,"53":1,"54":1,"55":1,"56":1,"57":1,"58":1,"59":1,"60":1,"61":7,"62":1,"63":1,"64":1,"65":1,"66":0,"67":0,"68":0,"69":0,"70":0,"71":0,"72":0,"73":0,"74":0,"75":1,"77":2,"78":7,"79":1,"80":1,"81":1,"82":1,"83":7},"branchMap":{"0":{"type":"branch","line":14,"loc":{"start":{"line":14,"column":2},"end":{"line":84,"column":4}},"locations":[{"start":{"line":14,"column":2},"end":{"line":84,"column":4}}]},"1":{"type":"branch","line":15,"loc":{"start":{"line":15,"column":2},"end":{"line":84,"column":4}},"locations":[{"start":{"line":15,"column":2},"end":{"line":84,"column":4}}]},"2":{"type":"branch","line":25,"loc":{"start":{"line":25,"column":34},"end":{"line":26,"column":70}},"locations":[{"start":{"line":25,"column":34},"end":{"line":26,"column":70}}]},"3":{"type":"branch","line":27,"loc":{"start":{"line":27,"column":16},"end":{"line":31,"column":5}},"locations":[{"start":{"line":27,"column":16},"end":{"line":31,"column":5}}]},"4":{"type":"branch","line":31,"loc":{"start":{"line":31,"column":4},"end":{"line":35,"column":46}},"locations":[{"start":{"line":31,"column":4},"end":{"line":35,"column":46}}]},"5":{"type":"branch","line":35,"loc":{"start":{"line":35,"column":41},"end":{"line":35,"column":75}},"locations":[{"start":{"line":35,"column":41},"end":{"line":35,"column":75}}]},"6":{"type":"branch","line":37,"loc":{"start":{"line":37,"column":37},"end":{"line":37,"column":64}},"locations":[{"start":{"line":37,"column":37},"end":{"line":37,"column":64}}]},"7":{"type":"branch","line":39,"loc":{"start":{"line":39,"column":24},"end":{"line":45,"column":7}},"locations":[{"start":{"line":39,"column":24},"end":{"line":45,"column":7}}]},"8":{"type":"branch","line":45,"loc":{"start":{"line":45,"column":6},"end":{"line":50,"column":32}},"locations":[{"start":{"line":45,"column":6},"end":{"line":50,"column":32}}]},"9":{"type":"branch","line":50,"loc":{"start":{"line":50,"column":25},"end":{"line":50,"column":39}},"locations":[{"start":{"line":50,"column":25},"end":{"line":50,"column":39}}]},"10":{"type":"branch","line":50,"loc":{"start":{"line":50,"column":37},"end":{"line":52,"column":19}},"locations":[{"start":{"line":50,"column":37},"end":{"line":52,"column":19}}]},"11":{"type":"branch","line":52,"loc":{"start":{"line":52,"column":19},"end":{"line":62,"column":13}},"locations":[{"start":{"line":52,"column":19},"end":{"line":62,"column":13}}]},"12":{"type":"branch","line":53,"loc":{"start":{"line":53,"column":12},"end":{"line":53,"column":51}},"locations":[{"start":{"line":53,"column":12},"end":{"line":53,"column":51}}]},"13":{"type":"branch","line":53,"loc":{"start":{"line":53,"column":51},"end":{"line":61,"column":48}},"locations":[{"start":{"line":53,"column":51},"end":{"line":61,"column":48}}]},"14":{"type":"branch","line":62,"loc":{"start":{"line":62,"column":6},"end":{"line":76,"column":7}},"locations":[{"start":{"line":62,"column":6},"end":{"line":76,"column":7}}]},"15":{"type":"branch","line":65,"loc":{"start":{"line":65,"column":22},"end":{"line":65,"column":65}},"locations":[{"start":{"line":65,"column":22},"end":{"line":65,"column":65}}]},"16":{"type":"branch","line":66,"loc":{"start":{"line":66,"column":10},"end":{"line":75,"column":9}},"locations":[{"start":{"line":66,"column":10},"end":{"line":75,"column":9}}]},"17":{"type":"branch","line":76,"loc":{"start":{"line":76,"column":6},"end":{"line":79,"column":13}},"locations":[{"start":{"line":76,"column":6},"end":{"line":79,"column":13}}]},"18":{"type":"branch","line":79,"loc":{"start":{"line":79,"column":4},"end":{"line":83,"column":5}},"locations":[{"start":{"line":79,"column":4},"end":{"line":83,"column":5}}]}},"b":{"0":[7],"1":[7],"2":[6],"3":[1],"4":[6],"5":[5],"6":[5],"7":[1],"8":[4],"9":[1],"10":[3],"11":[2],"12":[1],"13":[1],"14":[1],"15":[0],"16":[0],"17":[2],"18":[1]},"fnMap":{"0":{"name":"auth","decl":{"start":{"line":14,"column":2},"end":{"line":84,"column":4}},"loc":{"start":{"line":14,"column":2},"end":{"line":84,"column":4}},"line":14}},"f":{"0":7}}
,"/Users/thanasis/git/nextjs-15-monorepo/modules/middlewares/src/bodyValidator.ts": {"path":"/Users/thanasis/git/nextjs-15-monorepo/modules/middlewares/src/bodyValidator.ts","all":false,"statementMap":{"1":{"start":{"line":2,"column":0},"end":{"line":2,"column":21}},"2":{"start":{"line":3,"column":0},"end":{"line":3,"column":39}},"5":{"start":{"line":6,"column":0},"end":{"line":6,"column":124}},"6":{"start":{"line":7,"column":0},"end":{"line":7,"column":25}},"7":{"start":{"line":8,"column":0},"end":{"line":8,"column":40}},"8":{"start":{"line":9,"column":0},"end":{"line":9,"column":36}},"9":{"start":{"line":10,"column":0},"end":{"line":10,"column":75}},"10":{"start":{"line":11,"column":0},"end":{"line":11,"column":69}},"11":{"start":{"line":12,"column":0},"end":{"line":12,"column":50}},"12":{"start":{"line":13,"column":0},"end":{"line":13,"column":11}},"13":{"start":{"line":14,"column":0},"end":{"line":14,"column":96}},"14":{"start":{"line":15,"column":0},"end":{"line":15,"column":1}}},"s":{"1":1,"2":1,"5":1,"6":3,"7":3,"8":3,"9":3,"10":2,"11":2,"12":3,"13":3,"14":3},"branchMap":{"0":{"type":"branch","line":6,"loc":{"start":{"line":6,"column":29},"end":{"line":15,"column":1}},"locations":[{"start":{"line":6,"column":29},"end":{"line":15,"column":1}}]},"1":{"type":"branch","line":6,"loc":{"start":{"line":6,"column":82},"end":{"line":15,"column":1}},"locations":[{"start":{"line":6,"column":82},"end":{"line":15,"column":1}}]},"2":{"type":"branch","line":10,"loc":{"start":{"line":10,"column":40},"end":{"line":13,"column":9}},"locations":[{"start":{"line":10,"column":40},"end":{"line":13,"column":9}}]},"3":{"type":"branch","line":13,"loc":{"start":{"line":13,"column":5},"end":{"line":13,"column":11}},"locations":[{"start":{"line":13,"column":5},"end":{"line":13,"column":11}}]},"4":{"type":"branch","line":14,"loc":{"start":{"line":14,"column":4},"end":{"line":14,"column":21}},"locations":[{"start":{"line":14,"column":4},"end":{"line":14,"column":21}}]},"5":{"type":"branch","line":14,"loc":{"start":{"line":14,"column":17},"end":{"line":14,"column":96}},"locations":[{"start":{"line":14,"column":17},"end":{"line":14,"column":96}}]},"6":{"type":"branch","line":10,"loc":{"start":{"line":10,"column":69},"end":{"line":13,"column":5}},"locations":[{"start":{"line":10,"column":69},"end":{"line":13,"column":5}}]},"7":{"type":"branch","line":11,"loc":{"start":{"line":11,"column":55},"end":{"line":11,"column":68}},"locations":[{"start":{"line":11,"column":55},"end":{"line":11,"column":68}}]}},"b":{"0":[3],"1":[3],"2":[2],"3":[1],"4":[1],"5":[2],"6":[2],"7":[2]},"fnMap":{"0":{"name":"bodyValidator","decl":{"start":{"line":6,"column":29},"end":{"line":15,"column":1}},"loc":{"start":{"line":6,"column":29},"end":{"line":15,"column":1}},"line":6}},"f":{"0":3}}
,"/Users/thanasis/git/nextjs-15-monorepo/modules/middlewares/src/bodyZodValidator.ts": {"path":"/Users/thanasis/git/nextjs-15-monorepo/modules/middlewares/src/bodyZodValidator.ts","all":false,"statementMap":{"3":{"start":{"line":4,"column":0},"end":{"line":4,"column":45}},"4":{"start":{"line":5,"column":0},"end":{"line":5,"column":42}},"12":{"start":{"line":13,"column":0},"end":{"line":13,"column":31}},"13":{"start":{"line":14,"column":0},"end":{"line":14,"column":40}},"14":{"start":{"line":15,"column":0},"end":{"line":15,"column":29}},"15":{"start":{"line":16,"column":0},"end":{"line":16,"column":9}},"17":{"start":{"line":18,"column":0},"end":{"line":18,"column":29}},"20":{"start":{"line":21,"column":0},"end":{"line":21,"column":13}},"21":{"start":{"line":22,"column":0},"end":{"line":22,"column":21}},"22":{"start":{"line":23,"column":0},"end":{"line":23,"column":38}},"23":{"start":{"line":24,"column":0},"end":{"line":24,"column":13}},"24":{"start":{"line":25,"column":0},"end":{"line":25,"column":31}},"25":{"start":{"line":26,"column":0},"end":{"line":26,"column":35}},"26":{"start":{"line":27,"column":0},"end":{"line":27,"column":47}},"27":{"start":{"line":28,"column":0},"end":{"line":28,"column":13}},"28":{"start":{"line":29,"column":0},"end":{"line":29,"column":10}},"29":{"start":{"line":30,"column":0},"end":{"line":30,"column":14}},"31":{"start":{"line":32,"column":0},"end":{"line":32,"column":20}},"32":{"start":{"line":33,"column":0},"end":{"line":33,"column":7}},"33":{"start":{"line":34,"column":0},"end":{"line":34,"column":5}},"34":{"start":{"line":35,"column":0},"end":{"line":35,"column":4}}},"s":{"3":1,"4":1,"12":1,"13":1,"14":3,"15":3,"17":3,"20":3,"21":3,"22":2,"23":1,"24":1,"25":1,"26":1,"27":1,"28":1,"29":1,"31":1,"32":1,"33":2,"34":3},"branchMap":{"0":{"type":"branch","line":14,"loc":{"start":{"line":14,"column":2},"end":{"line":35,"column":4}},"locations":[{"start":{"line":14,"column":2},"end":{"line":35,"column":4}}]},"1":{"type":"branch","line":15,"loc":{"start":{"line":15,"column":2},"end":{"line":35,"column":4}},"locations":[{"start":{"line":15,"column":2},"end":{"line":35,"column":4}}]},"2":{"type":"branch","line":22,"loc":{"start":{"line":22,"column":4},"end":{"line":34,"column":5}},"locations":[{"start":{"line":22,"column":4},"end":{"line":34,"column":5}}]},"3":{"type":"branch","line":23,"loc":{"start":{"line":23,"column":37},"end":{"line":33,"column":7}},"locations":[{"start":{"line":23,"column":37},"end":{"line":33,"column":7}}]}},"b":{"0":[3],"1":[3],"2":[2],"3":[1]},"fnMap":{"0":{"name":"zodBodyValidator","decl":{"start":{"line":14,"column":2},"end":{"line":35,"column":4}},"loc":{"start":{"line":14,"column":2},"end":{"line":35,"column":4}},"line":14}},"f":{"0":3}}
,"/Users/thanasis/git/nextjs-15-monorepo/modules/middlewares/src/index.ts": {"path":"/Users/thanasis/git/nextjs-15-monorepo/modules/middlewares/src/index.ts","all":false,"statementMap":{"0":{"start":{"line":1,"column":0},"end":{"line":1,"column":23}},"1":{"start":{"line":2,"column":0},"end":{"line":2,"column":32}},"2":{"start":{"line":3,"column":0},"end":{"line":3,"column":35}},"3":{"start":{"line":4,"column":0},"end":{"line":4,"column":48}}},"s":{"0":1,"1":1,"2":1,"3":1},"branchMap":{},"b":{},"fnMap":{},"f":{}}
,"/Users/thanasis/git/nextjs-15-monorepo/modules/middlewares/src/paginationOrderingQueryParams.ts": {"path":"/Users/thanasis/git/nextjs-15-monorepo/modules/middlewares/src/paginationOrderingQueryParams.ts","all":false,"statementMap":{"1":{"start":{"line":2,"column":0},"end":{"line":2,"column":39}},"3":{"start":{"line":4,"column":0},"end":{"line":4,"column":109}},"4":{"start":{"line":5,"column":0},"end":{"line":5,"column":63}},"5":{"start":{"line":6,"column":0},"end":{"line":6,"column":28}},"6":{"start":{"line":7,"column":0},"end":{"line":7,"column":23}},"7":{"start":{"line":8,"column":0},"end":{"line":8,"column":78}},"8":{"start":{"line":9,"column":0},"end":{"line":9,"column":66}},"9":{"start":{"line":10,"column":0},"end":{"line":10,"column":64}},"10":{"start":{"line":11,"column":0},"end":{"line":11,"column":86}},"11":{"start":{"line":12,"column":0},"end":{"line":12,"column":115}},"12":{"start":{"line":13,"column":0},"end":{"line":13,"column":113}},"13":{"start":{"line":14,"column":0},"end":{"line":14,"column":182}},"14":{"start":{"line":15,"column":0},"end":{"line":15,"column":10}},"15":{"start":{"line":16,"column":0},"end":{"line":16,"column":1}}},"s":{"1":1,"3":1,"4":6,"5":6,"6":6,"7":6,"8":6,"9":6,"10":6,"11":6,"12":6,"13":6,"14":3,"15":3},"branchMap":{"0":{"type":"branch","line":4,"loc":{"start":{"line":4,"column":45},"end":{"line":16,"column":1}},"locations":[{"start":{"line":4,"column":45},"end":{"line":16,"column":1}}]},"1":{"type":"branch","line":4,"loc":{"start":{"line":4,"column":67},"end":{"line":16,"column":1}},"locations":[{"start":{"line":4,"column":67},"end":{"line":16,"column":1}}]},"2":{"type":"branch","line":8,"loc":{"start":{"line":8,"column":38},"end":{"line":8,"column":78}},"locations":[{"start":{"line":8,"column":38},"end":{"line":8,"column":78}}]},"3":{"type":"branch","line":9,"loc":{"start":{"line":9,"column":34},"end":{"line":9,"column":66}},"locations":[{"start":{"line":9,"column":34},"end":{"line":9,"column":66}}]},"4":{"type":"branch","line":10,"loc":{"start":{"line":10,"column":35},"end":{"line":10,"column":64}},"locations":[{"start":{"line":10,"column":35},"end":{"line":10,"column":64}}]},"5":{"type":"branch","line":11,"loc":{"start":{"line":11,"column":44},"end":{"line":11,"column":86}},"locations":[{"start":{"line":11,"column":44},"end":{"line":11,"column":86}}]},"6":{"type":"branch","line":12,"loc":{"start":{"line":12,"column":34},"end":{"line":12,"column":115}},"locations":[{"start":{"line":12,"column":34},"end":{"line":12,"column":115}}]},"7":{"type":"branch","line":12,"loc":{"start":{"line":12,"column":114},"end":{"line":13,"column":36}},"locations":[{"start":{"line":12,"column":114},"end":{"line":13,"column":36}}]},"8":{"type":"branch","line":13,"loc":{"start":{"line":13,"column":29},"end":{"line":13,"column":113}},"locations":[{"start":{"line":13,"column":29},"end":{"line":13,"column":113}}]},"9":{"type":"branch","line":13,"loc":{"start":{"line":13,"column":112},"end":{"line":14,"column":37}},"locations":[{"start":{"line":13,"column":112},"end":{"line":14,"column":37}}]},"10":{"type":"branch","line":14,"loc":{"start":{"line":14,"column":19},"end":{"line":14,"column":91}},"locations":[{"start":{"line":14,"column":19},"end":{"line":14,"column":91}}]},"11":{"type":"branch","line":14,"loc":{"start":{"line":14,"column":91},"end":{"line":14,"column":182}},"locations":[{"start":{"line":14,"column":91},"end":{"line":14,"column":182}}]},"12":{"type":"branch","line":14,"loc":{"start":{"line":14,"column":181},"end":{"line":16,"column":1}},"locations":[{"start":{"line":14,"column":181},"end":{"line":16,"column":1}}]}},"b":{"0":[6],"1":[6],"2":[2],"3":[2],"4":[1],"5":[2],"6":[1],"7":[5],"8":[1],"9":[4],"10":[2],"11":[1],"12":[3]},"fnMap":{"0":{"name":"paginationOrderingQueryParams","decl":{"start":{"line":4,"column":45},"end":{"line":16,"column":1}},"loc":{"start":{"line":4,"column":45},"end":{"line":16,"column":1}},"line":4}},"f":{"0":6}}
}
